<?xml version="1.0" encoding="UTF-8"?>
<testsuite xmlns:xsi="http://www.w3.org/2001/XMLSchema-instance" xsi:noNamespaceSchemaLocation="https://maven.apache.org/surefire/maven-surefire-plugin/xsd/surefire-test-report.xsd" name="TestSuite" time="11.31" tests="24" errors="0" skipped="0" failures="17">
  <properties>
[...]
</properties>
  <testcase name="test" classname="cases81.RegisterCase2" time="0.813">
    <failure message="expected [PASSED] but found [FAILED]" type="java.lang.AssertionError">java.lang.AssertionError: expected [PASSED] but found [FAILED]
	at cases81.RegisterCase2.test(RegisterCase2.java:44)
</failure>
    <system-out><![CDATA[2021-01-31 23:18:24 INFO  BaseCase:151 - CaseInfo{expectedResult='{"$.code":0,"$.msg":"OK"}', id=1, name='register', method='post', url='http://api.lemonban.com/futureloan/member/register', params='{"mobile_phone":"19000000000","pwd":""}', contentType='json', sql='null'}
2021-01-31 23:18:24 INFO  HttpUtils:133 - 200
2021-01-31 23:18:24 INFO  HttpUtils:136 - [Server: nginx/1.4.2, Date: Sun, 31 Jan 2021 15:18:24 GMT, Content-Type: application/json;charset=UTF-8, Transfer-Encoding: chunked, Connection: keep-alive]
2021-01-31 23:18:24 INFO  HttpUtils:141 - {"code":1,"msg":"密码为空","data":null,"copyright":"Copyright 柠檬班 © 2017-2020 湖南省零檬信息技术有限公司 All Rights Reserved"}
2021-01-31 23:18:25 INFO  BaseCase:113 - 断言结果: false
]]></system-out>
    <system-err><![CDATA[SLF4J: Class path contains multiple SLF4J bindings.
SLF4J: Found binding in [jar:file:/Users/zhourui/Downloads/apache-maven-3.6.3/repository/org/slf4j/slf4j-simple/1.7.25/slf4j-simple-1.7.25.jar!/org/slf4j/impl/StaticLoggerBinder.class]
SLF4J: Found binding in [jar:file:/Users/zhourui/Downloads/apache-maven-3.6.3/repository/ch/qos/logback/logback-classic/1.2.3/logback-classic-1.2.3.jar!/org/slf4j/impl/StaticLoggerBinder.class]
SLF4J: See http://www.slf4j.org/codes.html#multiple_bindings for an explanation.
]]></system-err>
  </testcase>
  <testcase name="test" classname="cases81.RegisterCase2" time="0.114">
    <failure message="expected [PASSED] but found [FAILED]" type="java.lang.AssertionError">java.lang.AssertionError: expected [PASSED] but found [FAILED]
	at cases81.RegisterCase2.test(RegisterCase2.java:44)
</failure>
    <system-out><![CDATA[2021-01-31 23:18:25 INFO  BaseCase:151 - CaseInfo{expectedResult='{"$.code":0,"$.msg":"OK"}', id=2, name='register', method='post', url='http://api.lemonban.com/futureloan/member/register', params='{"mobile_phone":"","pwd":"123456"}', contentType='json', sql='null'}
2021-01-31 23:18:25 INFO  HttpUtils:133 - 200
2021-01-31 23:18:25 INFO  HttpUtils:136 - [Server: nginx/1.4.2, Date: Sun, 31 Jan 2021 15:18:25 GMT, Content-Type: application/json;charset=UTF-8, Transfer-Encoding: chunked, Connection: keep-alive]
2021-01-31 23:18:25 INFO  HttpUtils:141 - {"code":1,"msg":"手机号为空","data":null,"copyright":"Copyright 柠檬班 © 2017-2020 湖南省零檬信息技术有限公司 All Rights Reserved"}
2021-01-31 23:18:25 INFO  BaseCase:113 - 断言结果: false
]]></system-out>
  </testcase>
  <testcase name="test" classname="cases81.RegisterCase2" time="0.107">
    <failure message="expected [PASSED] but found [FAILED]" type="java.lang.AssertionError">java.lang.AssertionError: expected [PASSED] but found [FAILED]
	at cases81.RegisterCase2.test(RegisterCase2.java:44)
</failure>
    <system-out><![CDATA[2021-01-31 23:18:25 INFO  BaseCase:151 - CaseInfo{expectedResult='{"$.code":0,"$.msg":"OK"}', id=3, name='register', method='post', url='http://api.lemonban.com/futureloan/member/register', params='{"mobile_phone":"123","pwd":"123456123"}', contentType='json', sql='null'}
2021-01-31 23:18:25 INFO  HttpUtils:133 - 200
2021-01-31 23:18:25 INFO  HttpUtils:136 - [Server: nginx/1.4.2, Date: Sun, 31 Jan 2021 15:18:25 GMT, Content-Type: application/json;charset=UTF-8, Transfer-Encoding: chunked, Connection: keep-alive]
2021-01-31 23:18:25 INFO  HttpUtils:141 - {"code":2,"msg":"无效的手机格式","data":null,"copyright":"Copyright 柠檬班 © 2017-2020 湖南省零檬信息技术有限公司 All Rights Reserved"}
2021-01-31 23:18:25 INFO  BaseCase:113 - 断言结果: false
]]></system-out>
  </testcase>
  <testcase name="test" classname="cases81.RegisterCase2" time="0.091">
    <failure message="expected [PASSED] but found [FAILED]" type="java.lang.AssertionError">java.lang.AssertionError: expected [PASSED] but found [FAILED]
	at cases81.RegisterCase2.test(RegisterCase2.java:44)
</failure>
    <system-out><![CDATA[2021-01-31 23:18:25 INFO  BaseCase:151 - CaseInfo{expectedResult='{"$.code":0,"$.msg":"OK"}', id=4, name='register', method='post', url='http://api.lemonban.com/futureloan/member/register', params='{"mobile_phone":"19000000000","pwd":"12345"}', contentType='json', sql='null'}
2021-01-31 23:18:25 INFO  HttpUtils:133 - 200
2021-01-31 23:18:25 INFO  HttpUtils:136 - [Server: nginx/1.4.2, Date: Sun, 31 Jan 2021 15:18:25 GMT, Content-Type: application/json;charset=UTF-8, Transfer-Encoding: chunked, Connection: keep-alive]
2021-01-31 23:18:25 INFO  HttpUtils:141 - {"code":2,"msg":"密码格式为8到16位","data":null,"copyright":"Copyright 柠檬班 © 2017-2020 湖南省零檬信息技术有限公司 All Rights Reserved"}
2021-01-31 23:18:25 INFO  BaseCase:113 - 断言结果: false
]]></system-out>
  </testcase>
  <testcase name="test" classname="cases81.RegisterCase2" time="1.254">
    <failure message="expected [PASSED] but found [FAILED]" type="java.lang.AssertionError">java.lang.AssertionError: expected [PASSED] but found [FAILED]
	at cases81.RegisterCase2.test(RegisterCase2.java:44)
</failure>
    <system-out><![CDATA[2021-01-31 23:18:25 INFO  BaseCase:151 - CaseInfo{expectedResult='{"$.code":0,"$.msg":"OK"}', id=5, name='register', method='post', url='http://api.lemonban.com/futureloan/member/register', params='{"mobile_phone":"17749224439","pwd":"12345678"}', contentType='json', sql='select count(*) from member a where a.mobile_phone = '17749224439';'}
2021-01-31 23:18:26 INFO  HttpUtils:133 - 200
2021-01-31 23:18:26 INFO  HttpUtils:136 - [Server: nginx/1.4.2, Date: Sun, 31 Jan 2021 15:18:26 GMT, Content-Type: application/json;charset=UTF-8, Transfer-Encoding: chunked, Connection: keep-alive]
2021-01-31 23:18:26 INFO  HttpUtils:141 - {"code":0,"msg":"OK","data":{"id":1190052,"reg_name":"小柠檬","mobile_phone":"17749224439"},"copyright":"Copyright 柠檬班 © 2017-2020 湖南省零檬信息技术有限公司 All Rights Reserved"}
2021-01-31 23:18:26 INFO  BaseCase:113 - 断言结果: true
before:0
after:1
数据库断言：pass
]]></system-out>
  </testcase>
  <testcase name="test" classname="cases81.RegisterCase2" time="0.887">
    <failure message="expected [PASSED] but found [FAILED]" type="java.lang.AssertionError">java.lang.AssertionError: expected [PASSED] but found [FAILED]
	at cases81.RegisterCase2.test(RegisterCase2.java:44)
</failure>
    <system-out><![CDATA[2021-01-31 23:18:26 INFO  BaseCase:151 - CaseInfo{expectedResult='{"$.code":0,"$.msg":"OK"}', id=6, name='register', method='post', url='http://api.lemonban.com/futureloan/member/register', params='{"mobile_phone":"17749224439","pwd":"12345678"}', contentType='json', sql='select count(*) from member a where a.mobile_phone = '17749224439';'}
2021-01-31 23:18:27 INFO  HttpUtils:133 - 200
2021-01-31 23:18:27 INFO  HttpUtils:136 - [Server: nginx/1.4.2, Date: Sun, 31 Jan 2021 15:18:27 GMT, Content-Type: application/json;charset=UTF-8, Transfer-Encoding: chunked, Connection: keep-alive]
2021-01-31 23:18:27 INFO  HttpUtils:141 - {"code":2,"msg":"账号已存在","data":null,"copyright":"Copyright 柠檬班 © 2017-2020 湖南省零檬信息技术有限公司 All Rights Reserved"}
2021-01-31 23:18:27 INFO  BaseCase:113 - 断言结果: false
before:1
after:1
数据库断言：fail
]]></system-out>
  </testcase>
  <testcase name="test" classname="cases81.LoginCase" time="0.094"/>
  <testcase name="test" classname="cases81.LoginCase" time="0.072">
    <failure message="expected [PASSED] but found [FAILED]" type="java.lang.AssertionError">java.lang.AssertionError: expected [PASSED] but found [FAILED]
	at cases81.LoginCase.test(LoginCase.java:36)
</failure>
    <system-out><![CDATA[2021-01-31 23:18:27 INFO  BaseCase:151 - CaseInfo{expectedResult='{"$.code":0,"$.msg":"OK"}', id=2, name='login', method='post', url='http://api.lemonban.com/futureloan/member/login', params='{"mobile_phone":"","pwd":"123456"}', contentType='json', sql='null'}
2021-01-31 23:18:27 INFO  HttpUtils:133 - 200
2021-01-31 23:18:27 INFO  HttpUtils:136 - [Server: nginx/1.4.2, Date: Sun, 31 Jan 2021 15:18:27 GMT, Content-Type: application/json;charset=UTF-8, Transfer-Encoding: chunked, Connection: keep-alive]
2021-01-31 23:18:27 INFO  HttpUtils:141 - {"code":1,"msg":"手机号码为空","data":null,"copyright":"Copyright 柠檬班 © 2017-2020 湖南省零檬信息技术有限公司 All Rights Reserved"}
2021-01-31 23:18:27 INFO  BaseCase:113 - 断言结果: false
]]></system-out>
  </testcase>
  <testcase name="test" classname="cases81.LoginCase" time="0.133">
    <failure message="expected [PASSED] but found [FAILED]" type="java.lang.AssertionError">java.lang.AssertionError: expected [PASSED] but found [FAILED]
	at cases81.LoginCase.test(LoginCase.java:36)
</failure>
    <system-out><![CDATA[2021-01-31 23:18:27 INFO  BaseCase:151 - CaseInfo{expectedResult='{"$.code":0,"$.msg":"OK"}', id=3, name='login', method='post', url='http://api.lemonban.com/futureloan/member/login', params='{"mobile_phone":"123","pwd":"123456123"}', contentType='json', sql='null'}
2021-01-31 23:18:28 INFO  HttpUtils:133 - 200
2021-01-31 23:18:28 INFO  HttpUtils:136 - [Server: nginx/1.4.2, Date: Sun, 31 Jan 2021 15:18:28 GMT, Content-Type: application/json;charset=UTF-8, Transfer-Encoding: chunked, Connection: keep-alive]
2021-01-31 23:18:28 INFO  HttpUtils:141 - {"code":2,"msg":"无效的手机格式","data":null,"copyright":"Copyright 柠檬班 © 2017-2020 湖南省零檬信息技术有限公司 All Rights Reserved"}
2021-01-31 23:18:28 INFO  BaseCase:113 - 断言结果: false
]]></system-out>
  </testcase>
  <testcase name="test" classname="cases81.LoginCase" time="0.113">
    <failure message="expected [PASSED] but found [FAILED]" type="java.lang.AssertionError">java.lang.AssertionError: expected [PASSED] but found [FAILED]
	at cases81.LoginCase.test(LoginCase.java:36)
</failure>
    <system-out><![CDATA[2021-01-31 23:18:28 INFO  BaseCase:151 - CaseInfo{expectedResult='{"$.code":0,"$.msg":"OK"}', id=4, name='login', method='post', url='http://api.lemonban.com/futureloan/member/login', params='{"mobile_phone":"19000000000","pwd":"12345"}', contentType='json', sql='null'}
2021-01-31 23:18:28 INFO  HttpUtils:133 - 200
2021-01-31 23:18:28 INFO  HttpUtils:136 - [Server: nginx/1.4.2, Date: Sun, 31 Jan 2021 15:18:28 GMT, Content-Type: application/json;charset=UTF-8, Transfer-Encoding: chunked, Connection: keep-alive]
2021-01-31 23:18:28 INFO  HttpUtils:141 - {"code":2,"msg":"无效的手机格式","data":null,"copyright":"Copyright 柠檬班 © 2017-2020 湖南省零檬信息技术有限公司 All Rights Reserved"}
2021-01-31 23:18:28 INFO  BaseCase:113 - 断言结果: false
]]></system-out>
  </testcase>
  <testcase name="test" classname="cases81.LoginCase" time="0.135">
    <failure message="expected [PASSED] but found [FAILED]" type="java.lang.AssertionError">java.lang.AssertionError: expected [PASSED] but found [FAILED]
	at cases81.LoginCase.test(LoginCase.java:36)
</failure>
    <system-out><![CDATA[2021-01-31 23:18:28 INFO  BaseCase:151 - CaseInfo{expectedResult='{"$.code":0,"$.msg":"OK"}', id=5, name='login', method='post', url='http://api.lemonban.com/futureloan/member/login', params='{"mobile_phone":"13212332111","pwd":"12346567118"}', contentType='json', sql='null'}
2021-01-31 23:18:28 INFO  HttpUtils:133 - 200
2021-01-31 23:18:28 INFO  HttpUtils:136 - [Server: nginx/1.4.2, Date: Sun, 31 Jan 2021 15:18:28 GMT, Content-Type: application/json;charset=UTF-8, Transfer-Encoding: chunked, Connection: keep-alive]
2021-01-31 23:18:28 INFO  HttpUtils:141 - {"code":1001,"msg":"账号信息错误","data":null,"copyright":"Copyright 柠檬班 © 2017-2020 湖南省零檬信息技术有限公司 All Rights Reserved"}
2021-01-31 23:18:28 INFO  BaseCase:113 - 断言结果: false
]]></system-out>
  </testcase>
  <testcase name="test" classname="cases81.LoginCase" time="0.082"/>
  <testcase name="test" classname="cases81.LoginCase" time="0.096">
    <failure message="expected [PASSED] but found [FAILED]" type="java.lang.AssertionError">java.lang.AssertionError: expected [PASSED] but found [FAILED]
	at cases81.LoginCase.test(LoginCase.java:36)
</failure>
    <system-out><![CDATA[2021-01-31 23:18:32 INFO  BaseCase:151 - CaseInfo{expectedResult='{"$.code":0,"$.msg":"OK"}', id=1, name='login', method='post', url='http://api.lemonban.com/futureloan/member/login', params='{"mobile_phone":"14791355931","pwd":"12345678"}', contentType='json', sql='null'}
2021-01-31 23:18:32 INFO  HttpUtils:133 - 200
2021-01-31 23:18:32 INFO  HttpUtils:136 - [Server: nginx/1.4.2, Date: Sun, 31 Jan 2021 15:18:32 GMT, Content-Type: application/json;charset=UTF-8, Transfer-Encoding: chunked, Connection: keep-alive]
2021-01-31 23:18:32 INFO  HttpUtils:141 - {"code":1001,"msg":"账号信息错误","data":null,"copyright":"Copyright 柠檬班 © 2017-2020 湖南省零檬信息技术有限公司 All Rights Reserved"}
2021-01-31 23:18:32 INFO  BaseCase:113 - 断言结果: false
]]></system-out>
  </testcase>
  <testcase name="test" classname="cases81.UserInfoCase" time="0.091"/>
  <testcase name="test" classname="cases81.UserInfoCase" time="0.092"/>
  <testcase name="test" classname="cases81.RechargeCase" time="0.08">
    <failure message="expected [PASSED] but found [FAILED]" type="java.lang.AssertionError">java.lang.AssertionError: expected [PASSED] but found [FAILED]
	at cases81.RechargeCase.test(RechargeCase.java:49)
</failure>
    <system-out><![CDATA[2021-01-31 23:18:28 INFO  BaseCase:151 - CaseInfo{expectedResult='{"$.code":0,"$.msg":"OK"}', id=1, name='recharge', method='post', url='http://api.lemonban.com/futureloan/member/recharge', params='{"member_id":"-1","amount":"6300"}', contentType='json', sql='null'}
2021-01-31 23:18:28 INFO  HttpUtils:133 - 200
2021-01-31 23:18:28 INFO  HttpUtils:136 - [Server: nginx/1.4.2, Date: Sun, 31 Jan 2021 15:18:28 GMT, Content-Type: application/json;charset=UTF-8, Transfer-Encoding: chunked, Connection: keep-alive]
2021-01-31 23:18:28 INFO  HttpUtils:141 - {"code":1007,"msg":"无权限访问，请检查参数","data":null,"copyright":"Copyright 柠檬班 © 2017-2020 湖南省零檬信息技术有限公司 All Rights Reserved"}
2021-01-31 23:18:28 INFO  BaseCase:113 - 断言结果: false
]]></system-out>
  </testcase>
  <testcase name="test" classname="cases81.RechargeCase" time="0.073">
    <failure message="expected [PASSED] but found [FAILED]" type="java.lang.AssertionError">java.lang.AssertionError: expected [PASSED] but found [FAILED]
	at cases81.RechargeCase.test(RechargeCase.java:49)
</failure>
    <system-out><![CDATA[2021-01-31 23:18:28 INFO  BaseCase:151 - CaseInfo{expectedResult='{"$.code":0,"$.msg":"OK"}', id=2, name='recharge', method='post', url='http://api.lemonban.com/futureloan/member/recharge', params='{"member_id":"1190052","amount":"1116300"}', contentType='json', sql='null'}
2021-01-31 23:18:28 INFO  HttpUtils:133 - 200
2021-01-31 23:18:28 INFO  HttpUtils:136 - [Server: nginx/1.4.2, Date: Sun, 31 Jan 2021 15:18:28 GMT, Content-Type: application/json;charset=UTF-8, Transfer-Encoding: chunked, Connection: keep-alive]
2021-01-31 23:18:28 INFO  HttpUtils:141 - {"code":2,"msg":"余额必须大于0并且小于或者等于500000","data":null,"copyright":"Copyright 柠檬班 © 2017-2020 湖南省零檬信息技术有限公司 All Rights Reserved"}
2021-01-31 23:18:28 INFO  BaseCase:113 - 断言结果: false
]]></system-out>
  </testcase>
  <testcase name="test" classname="cases81.RechargeCase" time="0.085">
    <failure message="expected [PASSED] but found [FAILED]" type="java.lang.AssertionError">java.lang.AssertionError: expected [PASSED] but found [FAILED]
	at cases81.RechargeCase.test(RechargeCase.java:49)
</failure>
    <system-out><![CDATA[2021-01-31 23:18:28 INFO  BaseCase:151 - CaseInfo{expectedResult='{"$.code":0,"$.msg":"OK"}', id=3, name='recharge', method='post', url='http://api.lemonban.com/futureloan/member/recharge', params='{"member_id":"1190052","amount":"-6300"}', contentType='json', sql='null'}
2021-01-31 23:18:28 INFO  HttpUtils:133 - 200
2021-01-31 23:18:28 INFO  HttpUtils:136 - [Server: nginx/1.4.2, Date: Sun, 31 Jan 2021 15:18:28 GMT, Content-Type: application/json;charset=UTF-8, Transfer-Encoding: chunked, Connection: keep-alive]
2021-01-31 23:18:28 INFO  HttpUtils:141 - {"code":2,"msg":"余额必须大于0并且小于或者等于500000","data":null,"copyright":"Copyright 柠檬班 © 2017-2020 湖南省零檬信息技术有限公司 All Rights Reserved"}
2021-01-31 23:18:28 INFO  BaseCase:113 - 断言结果: false
]]></system-out>
  </testcase>
  <testcase name="test" classname="cases81.RechargeCase" time="0.147">
    <failure message="expected [PASSED] but found [FAILED]" type="java.lang.AssertionError">java.lang.AssertionError: expected [PASSED] but found [FAILED]
	at cases81.RechargeCase.test(RechargeCase.java:49)
</failure>
    <system-out><![CDATA[2021-01-31 23:18:28 INFO  BaseCase:151 - CaseInfo{expectedResult='{"$.code":0,"$.msg":"OK"}', id=4, name='recharge', method='post', url='http://api.lemonban.com/futureloan/member/recharge', params='{"member_id":"1190052","amount":"SSS"}', contentType='json', sql='null'}
2021-01-31 23:18:29 INFO  HttpUtils:133 - 200
2021-01-31 23:18:29 INFO  HttpUtils:136 - [Server: nginx/1.4.2, Date: Sun, 31 Jan 2021 15:18:29 GMT, Content-Type: application/json;charset=UTF-8, Transfer-Encoding: chunked, Connection: keep-alive]
2021-01-31 23:18:29 INFO  HttpUtils:141 - {"code":2,"msg":"余额必须为数值型","data":null,"copyright":"Copyright 柠檬班 © 2017-2020 湖南省零檬信息技术有限公司 All Rights Reserved"}
2021-01-31 23:18:29 INFO  BaseCase:113 - 断言结果: false
]]></system-out>
  </testcase>
  <testcase name="test" classname="cases81.RechargeCase" time="0.76"/>
  <testcase name="test" classname="cases81.RechargeCase" time="1.911"/>
  <testcase name="test" classname="cases81.AddCase" time="0.105"/>
  <testcase name="test" classname="cases81.AuditCase" time="0.101">
    <failure message="expected [PASSED] but found [FAILED]" type="java.lang.AssertionError">java.lang.AssertionError: expected [PASSED] but found [FAILED]
	at cases81.AuditCase.test(AuditCase.java:35)
</failure>
    <system-out><![CDATA[2021-01-31 23:18:32 INFO  BaseCase:151 - CaseInfo{expectedResult='{"$.code":0,"$.msg":"OK"}', id=1, name='audit', method='PATCH', url='http://api.lemonban.com/futureloan/loan/audit', params='{ "loan_id": 1341, "approved_or_not": true }', contentType='json', sql='null'}
2021-01-31 23:18:32 INFO  HttpUtils:133 - 200
2021-01-31 23:18:32 INFO  HttpUtils:136 - [Server: nginx/1.4.2, Date: Sun, 31 Jan 2021 15:18:32 GMT, Content-Type: application/json;charset=UTF-8, Transfer-Encoding: chunked, Connection: keep-alive]
2021-01-31 23:18:32 INFO  HttpUtils:141 - {"code":2,"msg":"普通会员不能审核项目，请使用管理员账号","data":null,"copyright":"Copyright 柠檬班 © 2017-2020 湖南省零檬信息技术有限公司 All Rights Reserved"}
2021-01-31 23:18:32 INFO  BaseCase:113 - 断言结果: false
]]></system-out>
  </testcase>
  <testcase name="test" classname="cases81.InvestCase" time="0.093">
    <failure message="expected [PASSED] but found [FAILED]" type="java.lang.AssertionError">java.lang.AssertionError: expected [PASSED] but found [FAILED]
	at cases81.InvestCase.test(InvestCase.java:35)
</failure>
    <system-out><![CDATA[2021-01-31 23:18:32 INFO  BaseCase:151 - CaseInfo{expectedResult='{"$.code":0,"$.msg":"OK"}', id=1, name='invest', method='post', url='http://api.lemonban.com/futureloan/member/invest', params='{"member_id":1190052,"loan_id":1341,"amount":6300.00} ', contentType='json', sql='null'}
2021-01-31 23:18:32 INFO  HttpUtils:133 - 200
2021-01-31 23:18:32 INFO  HttpUtils:136 - [Server: nginx/1.4.2, Date: Sun, 31 Jan 2021 15:18:32 GMT, Content-Type: application/json;charset=UTF-8, Transfer-Encoding: chunked, Connection: keep-alive]
2021-01-31 23:18:32 INFO  HttpUtils:141 - {"code":2,"msg":"该项目不在竞标中状态","data":null,"copyright":"Copyright 柠檬班 © 2017-2020 湖南省零檬信息技术有限公司 All Rights Reserved"}
2021-01-31 23:18:32 INFO  BaseCase:113 - 断言结果: false
]]></system-out>
  </testcase>
</testsuite>